# JRE version: Java(TM) SE Runtime Environment (13.0.1+9) (build 13.0.1+9)
# Java VM: Java HotSpot(TM) 64-Bit Server VM (13.0.1+9, mixed mode, sharing, tiered, compressed oops, g1 gc, windows-amd64)
Heap:
 garbage-first heap   total 131072K, used 11648K [0x0000000081e00000, 0x0000000100000000)
  region size 1024K, 5 young (5120K), 5 survivors (5120K)
 Metaspace       used 18920K, capacity 19713K, committed 19840K, reserved 1075200K
  class space    used 2559K, capacity 2872K, committed 2944K, reserved 1048576K
GC Heap History (8 events):
Event: 0.725 GC heap before
{Heap before GC invocations=0 (full 0):
 garbage-first heap   total 131072K, used 24576K [0x0000000081e00000, 0x0000000100000000)
  region size 1024K, 24 young (24576K), 0 survivors (0K)
 Metaspace       used 6477K, capacity 6847K, committed 7040K, reserved 1056768K
  class space    used 801K, capacity 893K, committed 896K, reserved 1048576K
}
Event: 0.730 GC heap after
{Heap after GC invocations=1 (full 0):
 garbage-first heap   total 131072K, used 6989K [0x0000000081e00000, 0x0000000100000000)
  region size 1024K, 3 young (3072K), 3 survivors (3072K)
 Metaspace       used 6477K, capacity 6847K, committed 7040K, reserved 1056768K
  class space    used 801K, capacity 893K, committed 896K, reserved 1048576K
}
Event: 0.974 GC heap before
{Heap before GC invocations=1 (full 0):
 garbage-first heap   total 131072K, used 29517K [0x0000000081e00000, 0x0000000100000000)
  region size 1024K, 25 young (25600K), 3 survivors (3072K)
 Metaspace       used 9264K, capacity 9765K, committed 9984K, reserved 1058816K
  class space    used 1274K, capacity 1467K, committed 1536K, reserved 1048576K
}
Event: 0.980 GC heap after
{Heap after GC invocations=2 (full 0):
 garbage-first heap   total 131072K, used 8054K [0x0000000081e00000, 0x0000000100000000)
  region size 1024K, 2 young (2048K), 2 survivors (2048K)
 Metaspace       used 9264K, capacity 9765K, committed 9984K, reserved 1058816K
  class space    used 1274K, capacity 1467K, committed 1536K, reserved 1048576K
}
Event: 1.271 GC heap before
{Heap before GC invocations=2 (full 0):
 garbage-first heap   total 131072K, used 67446K [0x0000000081e00000, 0x0000000100000000)
  region size 1024K, 61 young (62464K), 2 survivors (2048K)
 Metaspace       used 15243K, capacity 15869K, committed 16128K, reserved 1062912K
  class space    used 2020K, capacity 2263K, committed 2304K, reserved 1048576K
}
Event: 1.277 GC heap after
{Heap after GC invocations=3 (full 0):
 garbage-first heap   total 131072K, used 9878K [0x0000000081e00000, 0x0000000100000000)
  region size 1024K, 3 young (3072K), 3 survivors (3072K)
 Metaspace       used 15243K, capacity 15869K, committed 16128K, reserved 1062912K
  class space    used 2020K, capacity 2263K, committed 2304K, reserved 1048576K
}
Event: 1.691 GC heap before
{Heap before GC invocations=3 (full 0):
 garbage-first heap   total 131072K, used 76438K [0x0000000081e00000, 0x0000000100000000)
  region size 1024K, 70 young (71680K), 3 survivors (3072K)
 Metaspace       used 18920K, capacity 19713K, committed 19840K, reserved 1073152K
  class space    used 2559K, capacity 2872K, committed 2944K, reserved 1048576K
}
Event: 1.699 GC heap after
{Heap after GC invocations=4 (full 0):
 garbage-first heap   total 131072K, used 11648K [0x0000000081e00000, 0x0000000100000000)
  region size 1024K, 5 young (5120K), 5 survivors (5120K)
 Metaspace       used 18920K, capacity 19713K, committed 19840K, reserved 1073152K
  class space    used 2559K, capacity 2872K, committed 2944K, reserved 1048576K
}

