# JRE version: Java(TM) SE Runtime Environment (13.0.1+9) (build 13.0.1+9)
# Java VM: Java HotSpot(TM) 64-Bit Server VM (13.0.1+9, mixed mode, sharing, tiered, compressed oops, g1 gc, windows-amd64)
Heap:
 garbage-first heap   total 157696K, used 12567K [0x0000000081e00000, 0x0000000100000000)
  region size 1024K, 6 young (6144K), 6 survivors (6144K)
 Metaspace       used 20337K, capacity 21176K, committed 21296K, reserved 1067008K
  class space    used 2778K, capacity 3140K, committed 3200K, reserved 1048576K
GC Heap History (9 events):
Event: 0.721 GC heap before
{Heap before GC invocations=0 (full 0):
 garbage-first heap   total 131072K, used 24576K [0x0000000081e00000, 0x0000000100000000)
  region size 1024K, 24 young (24576K), 0 survivors (0K)
 Metaspace       used 6485K, capacity 6847K, committed 7040K, reserved 1056768K
  class space    used 801K, capacity 893K, committed 896K, reserved 1048576K
}
Event: 0.725 GC heap after
{Heap after GC invocations=1 (full 0):
 garbage-first heap   total 131072K, used 6840K [0x0000000081e00000, 0x0000000100000000)
  region size 1024K, 3 young (3072K), 3 survivors (3072K)
 Metaspace       used 6485K, capacity 6847K, committed 7040K, reserved 1056768K
  class space    used 801K, capacity 893K, committed 896K, reserved 1048576K
}
Event: 0.958 GC heap before
{Heap before GC invocations=1 (full 0):
 garbage-first heap   total 131072K, used 32440K [0x0000000081e00000, 0x0000000100000000)
  region size 1024K, 29 young (29696K), 3 survivors (3072K)
 Metaspace       used 9822K, capacity 10306K, committed 10624K, reserved 1058816K
  class space    used 1332K, capacity 1541K, committed 1664K, reserved 1048576K
}
Event: 0.962 GC heap after
{Heap after GC invocations=2 (full 0):
 garbage-first heap   total 131072K, used 8256K [0x0000000081e00000, 0x0000000100000000)
  region size 1024K, 2 young (2048K), 2 survivors (2048K)
 Metaspace       used 9822K, capacity 10306K, committed 10624K, reserved 1058816K
  class space    used 1332K, capacity 1541K, committed 1664K, reserved 1048576K
}
Event: 1.141 GC heap before
{Heap before GC invocations=2 (full 0):
 garbage-first heap   total 131072K, used 49216K [0x0000000081e00000, 0x0000000100000000)
  region size 1024K, 43 young (44032K), 2 survivors (2048K)
 Metaspace       used 14637K, capacity 15269K, committed 15616K, reserved 1062912K
  class space    used 1931K, capacity 2177K, committed 2304K, reserved 1048576K
}
Event: 1.145 GC heap after
{Heap after GC invocations=3 (full 0):
 garbage-first heap   total 131072K, used 9471K [0x0000000081e00000, 0x0000000100000000)
  region size 1024K, 3 young (3072K), 3 survivors (3072K)
 Metaspace       used 14637K, capacity 15269K, committed 15616K, reserved 1062912K
  class space    used 1931K, capacity 2177K, committed 2304K, reserved 1048576K
}
Event: 1.425 GC heap before
{Heap before GC invocations=3 (full 0):
 garbage-first heap   total 131072K, used 68863K [0x0000000081e00000, 0x0000000100000000)
  region size 1024K, 62 young (63488K), 3 survivors (3072K)
 Metaspace       used 16795K, capacity 17569K, committed 17664K, reserved 1064960K
  class space    used 2240K, capacity 2526K, committed 2560K, reserved 1048576K
}
Event: 1.429 GC heap after
{Heap after GC invocations=4 (full 0):
 garbage-first heap   total 131072K, used 10597K [0x0000000081e00000, 0x0000000100000000)
  region size 1024K, 4 young (4096K), 4 survivors (4096K)
 Metaspace       used 16795K, capacity 17569K, committed 17664K, reserved 1064960K
  class space    used 2240K, capacity 2526K, committed 2560K, reserved 1048576K
}
Event: 1.710 GC heap before
{Heap before GC invocations=4 (full 0):
 garbage-first heap   total 131072K, used 47461K [0x0000000081e00000, 0x0000000100000000)
  region size 1024K, 41 young (41984K), 4 survivors (4096K)
 Metaspace       used 20337K, capacity 21176K, committed 21296K, reserved 1067008K
  class space    used 2778K, capacity 3140K, committed 3200K, reserved 1048576K
}

